In file included from [01m[K/opt/ros/melodic/include/ros/ros.h:40:0[m[K,
                 from [01m[K/home/saswat/catkin_ws/src/beginner_tutorials/src/server.cpp:2[m[K:
[01m[K/home/saswat/catkin_ws/src/beginner_tutorials/src/server.cpp:[m[K In function â€˜[01m[Kbool add(beginner_tutorials::AddTwoInts::Request&, beginner_tutorials::AddTwoInts::Response&)[m[Kâ€™:
[01m[K/opt/ros/melodic/include/ros/console.h:381:3:[m[K [01;31m[Kerror: [m[Kexpected primary-expression before â€˜[01m[Kdo[m[Kâ€™
   [01;31m[Kd[m[Ko \
   [01;31m[K^[m[K
[01m[K/opt/ros/melodic/include/ros/console.h:572:35:[m[K [01;36m[Knote: [m[Kin expansion of macro â€˜[01m[KROS_LOG_COND[m[Kâ€™
 #define ROS_LOG(level, name, ...) [01;36m[KROS_LOG_COND[m[K(true, level, name, __VA_ARGS__)
                                   [01;36m[K^~~~~~~~~~~~[m[K
[01m[K/opt/ros/melodic/include/rosconsole/macros_generated.h:110:23:[m[K [01;36m[Knote: [m[Kin expansion of macro â€˜[01m[KROS_LOG[m[Kâ€™
 #define ROS_INFO(...) [01;36m[KROS_LOG[m[K(::ros::console::levels::Info, ROSCONSOLE_DEFAULT_NAME, __VA_ARGS__)
                       [01;36m[K^~~~~~~[m[K
[01m[K/home/saswat/catkin_ws/src/beginner_tutorials/src/server.cpp:10:7:[m[K [01;36m[Knote: [m[Kin expansion of macro â€˜[01m[KROS_INFO[m[Kâ€™
       [01;36m[KROS_INFO[m[K("request: x=%ld, y=%ld", (long int)req.a, (long int)req.b);
       [01;36m[K^~~~~~~~[m[K
[01m[K/home/saswat/catkin_ws/src/beginner_tutorials/src/server.cpp:[m[K In function â€˜[01m[Kint main(int, char**)[m[Kâ€™:
[01m[K/home/saswat/catkin_ws/src/beginner_tutorials/src/server.cpp:25:12:[m[K [01;31m[Kerror: [m[Kâ€˜[01m[Kreq[m[Kâ€™ was not declared in this scope
      int a[[01;31m[Kreq[m[K.a];
            [01;31m[K^~~[m[K
[01m[K/home/saswat/catkin_ws/src/beginner_tutorials/src/server.cpp:29:23:[m[K [01;31m[Kerror: [m[Kexpected â€˜[01m[K;[m[Kâ€™ before â€˜[01m[K}[m[Kâ€™ token
         if(i%j==0){c++[01;31m[K}[m[K}
                       [01;31m[K^[m[K
[01m[K/home/saswat/catkin_ws/src/beginner_tutorials/src/server.cpp:30:52:[m[K [01;31m[Kerror: [m[Karray must be initialized with a brace-enclosed initializer
          if (c==2){for (k=0;k<req.a;k++){int a[k]=[01;31m[K(j)[m[K}}
                                                   [01;31m[K~^~[m[K
make[2]: *** [CMakeFiles/add_two_ints_server.dir/src/server.cpp.o] Error 1
make[1]: *** [CMakeFiles/add_two_ints_server.dir/all] Error 2
make: *** [all] Error 2
